This is pdfTeX, Version 3.141592653-2.6-1.40.28 (MiKTeX 25.12) (preloaded format=pdflatex.fmt)
 restricted \write18 enabled.
entering extended mode
(parallel_concepts_diagrams.tex
LaTeX2e <2025-11-01>
L3 programming layer <2025-12-24>
(C:\Users\A S H F A K\AppData\Local\Programs\MiKTeX\tex/latex/base\article.cls
Document Class: article 2025/01/22 v1.4n Standard LaTeX document class
(C:\Users\A S H F A K\AppData\Local\Programs\MiKTeX\tex/latex/base\size12.clo))

(C:\Users\A S H F A K\AppData\Local\Programs\MiKTeX\tex/latex/geometry\geometry
.sty
(C:\Users\A S H F A K\AppData\Local\Programs\MiKTeX\tex/latex/graphics\keyval.s
ty)
(C:\Users\A S H F A K\AppData\Local\Programs\MiKTeX\tex/generic/iftex\ifvtex.st
y
(C:\Users\A S H F A K\AppData\Local\Programs\MiKTeX\tex/generic/iftex\iftex.sty
))
(C:\Users\A S H F A K\AppData\Local\Programs\MiKTeX\tex/latex/geometry\geometry
.cfg))
(C:\Users\A S H F A K\AppData\Local\Programs\MiKTeX\tex/latex/pgf/frontendlayer
\tikz.sty
(C:\Users\A S H F A K\AppData\Local\Programs\MiKTeX\tex/latex/pgf/basiclayer\pg
f.sty
(C:\Users\A S H F A K\AppData\Local\Programs\MiKTeX\tex/latex/pgf/utilities\pgf
rcs.sty
(C:\Users\A S H F A K\AppData\Local\Programs\MiKTeX\tex/generic/pgf/utilities\p
gfutil-common.tex)
(C:\Users\A S H F A K\AppData\Local\Programs\MiKTeX\tex/generic/pgf/utilities\p
gfutil-latex.def)
(C:\Users\A S H F A K\AppData\Local\Programs\MiKTeX\tex/generic/pgf/utilities\p
gfrcs.code.tex
(C:\Users\A S H F A K\AppData\Local\Programs\MiKTeX\tex/generic/pgf\pgf.revisio
n.tex)))
(C:\Users\A S H F A K\AppData\Local\Programs\MiKTeX\tex/latex/pgf/basiclayer\pg
fcore.sty
(C:\Users\A S H F A K\AppData\Local\Programs\MiKTeX\tex/latex/graphics\graphicx
.sty
(C:\Users\A S H F A K\AppData\Local\Programs\MiKTeX\tex/latex/graphics\graphics
.sty
(C:\Users\A S H F A K\AppData\Local\Programs\MiKTeX\tex/latex/graphics\trig.sty
)
(C:\Users\A S H F A K\AppData\Local\Programs\MiKTeX\tex/latex/graphics-cfg\grap
hics.cfg)
(C:\Users\A S H F A K\AppData\Local\Programs\MiKTeX\tex/latex/graphics-def\pdft
ex.def)))
(C:\Users\A S H F A K\AppData\Local\Programs\MiKTeX\tex/latex/pgf/systemlayer\p
gfsys.sty
(C:\Users\A S H F A K\AppData\Local\Programs\MiKTeX\tex/generic/pgf/systemlayer
\pgfsys.code.tex
(C:\Users\A S H F A K\AppData\Local\Programs\MiKTeX\tex/generic/pgf/utilities\p
gfkeys.code.tex
(C:\Users\A S H F A K\AppData\Local\Programs\MiKTeX\tex/generic/pgf/utilities\p
gfkeyslibraryfiltered.code.tex))
(C:\Users\A S H F A K\AppData\Local\Programs\MiKTeX\tex/generic/pgf/systemlayer
\pgf.cfg)
(C:\Users\A S H F A K\AppData\Local\Programs\MiKTeX\tex/generic/pgf/systemlayer
\pgfsys-pdftex.def
(C:\Users\A S H F A K\AppData\Local\Programs\MiKTeX\tex/generic/pgf/systemlayer
\pgfsys-common-pdf.def)))
(C:\Users\A S H F A K\AppData\Local\Programs\MiKTeX\tex/generic/pgf/systemlayer
\pgfsyssoftpath.code.tex)
(C:\Users\A S H F A K\AppData\Local\Programs\MiKTeX\tex/generic/pgf/systemlayer
\pgfsysprotocol.code.tex))
(C:\Users\A S H F A K\AppData\Local\Programs\MiKTeX\tex/latex/xcolor\xcolor.sty

(C:\Users\A S H F A K\AppData\Local\Programs\MiKTeX\tex/latex/graphics-cfg\colo
r.cfg)
(C:\Users\A S H F A K\AppData\Local\Programs\MiKTeX\tex/latex/graphics\mathcolo
r.ltx))
(C:\Users\A S H F A K\AppData\Local\Programs\MiKTeX\tex/generic/pgf/basiclayer\
pgfcore.code.tex
(C:\Users\A S H F A K\AppData\Local\Programs\MiKTeX\tex/generic/pgf/math\pgfmat
h.code.tex
(C:\Users\A S H F A K\AppData\Local\Programs\MiKTeX\tex/generic/pgf/math\pgfmat
hutil.code.tex)
(C:\Users\A S H F A K\AppData\Local\Programs\MiKTeX\tex/generic/pgf/math\pgfmat
hparser.code.tex)
(C:\Users\A S H F A K\AppData\Local\Programs\MiKTeX\tex/generic/pgf/math\pgfmat
hfunctions.code.tex)
(C:\Users\A S H F A K\AppData\Local\Programs\MiKTeX\tex/generic/pgf/math\pgfmat
hfunctions.basic.code.tex)
(C:\Users\A S H F A K\AppData\Local\Programs\MiKTeX\tex/generic/pgf/math\pgfmat
hfunctions.trigonometric.code.tex)
(C:\Users\A S H F A K\AppData\Local\Programs\MiKTeX\tex/generic/pgf/math\pgfmat
hfunctions.random.code.tex)
(C:\Users\A S H F A K\AppData\Local\Programs\MiKTeX\tex/generic/pgf/math\pgfmat
hfunctions.comparison.code.tex)
(C:\Users\A S H F A K\AppData\Local\Programs\MiKTeX\tex/generic/pgf/math\pgfmat
hfunctions.base.code.tex)
(C:\Users\A S H F A K\AppData\Local\Programs\MiKTeX\tex/generic/pgf/math\pgfmat
hfunctions.round.code.tex)
(C:\Users\A S H F A K\AppData\Local\Programs\MiKTeX\tex/generic/pgf/math\pgfmat
hfunctions.misc.code.tex)
(C:\Users\A S H F A K\AppData\Local\Programs\MiKTeX\tex/generic/pgf/math\pgfmat
hfunctions.integerarithmetics.code.tex)
(C:\Users\A S H F A K\AppData\Local\Programs\MiKTeX\tex/generic/pgf/math\pgfmat
hcalc.code.tex)
(C:\Users\A S H F A K\AppData\Local\Programs\MiKTeX\tex/generic/pgf/math\pgfmat
hfloat.code.tex))
(C:\Users\A S H F A K\AppData\Local\Programs\MiKTeX\tex/generic/pgf/math\pgfint
.code.tex)
(C:\Users\A S H F A K\AppData\Local\Programs\MiKTeX\tex/generic/pgf/basiclayer\
pgfcorepoints.code.tex)
(C:\Users\A S H F A K\AppData\Local\Programs\MiKTeX\tex/generic/pgf/basiclayer\
pgfcorepathconstruct.code.tex)
(C:\Users\A S H F A K\AppData\Local\Programs\MiKTeX\tex/generic/pgf/basiclayer\
pgfcorepathusage.code.tex)
(C:\Users\A S H F A K\AppData\Local\Programs\MiKTeX\tex/generic/pgf/basiclayer\
pgfcorescopes.code.tex)
(C:\Users\A S H F A K\AppData\Local\Programs\MiKTeX\tex/generic/pgf/basiclayer\
pgfcoregraphicstate.code.tex)
(C:\Users\A S H F A K\AppData\Local\Programs\MiKTeX\tex/generic/pgf/basiclayer\
pgfcoretransformations.code.tex)
(C:\Users\A S H F A K\AppData\Local\Programs\MiKTeX\tex/generic/pgf/basiclayer\
pgfcorequick.code.tex)
(C:\Users\A S H F A K\AppData\Local\Programs\MiKTeX\tex/generic/pgf/basiclayer\
pgfcoreobjects.code.tex)
(C:\Users\A S H F A K\AppData\Local\Programs\MiKTeX\tex/generic/pgf/basiclayer\
pgfcorepathprocessing.code.tex)
(C:\Users\A S H F A K\AppData\Local\Programs\MiKTeX\tex/generic/pgf/basiclayer\
pgfcorearrows.code.tex)
(C:\Users\A S H F A K\AppData\Local\Programs\MiKTeX\tex/generic/pgf/basiclayer\
pgfcoreshade.code.tex)
(C:\Users\A S H F A K\AppData\Local\Programs\MiKTeX\tex/generic/pgf/basiclayer\
pgfcoreimage.code.tex)
(C:\Users\A S H F A K\AppData\Local\Programs\MiKTeX\tex/generic/pgf/basiclayer\
pgfcoreexternal.code.tex)
(C:\Users\A S H F A K\AppData\Local\Programs\MiKTeX\tex/generic/pgf/basiclayer\
pgfcorelayers.code.tex)
(C:\Users\A S H F A K\AppData\Local\Programs\MiKTeX\tex/generic/pgf/basiclayer\
pgfcoretransparency.code.tex)
(C:\Users\A S H F A K\AppData\Local\Programs\MiKTeX\tex/generic/pgf/basiclayer\
pgfcorepatterns.code.tex)
(C:\Users\A S H F A K\AppData\Local\Programs\MiKTeX\tex/generic/pgf/basiclayer\
pgfcorerdf.code.tex)))
(C:\Users\A S H F A K\AppData\Local\Programs\MiKTeX\tex/generic/pgf/modules\pgf
moduleshapes.code.tex)
(C:\Users\A S H F A K\AppData\Local\Programs\MiKTeX\tex/generic/pgf/modules\pgf
moduleplot.code.tex)
(C:\Users\A S H F A K\AppData\Local\Programs\MiKTeX\tex/latex/pgf/compatibility
\pgfcomp-version-0-65.sty)
(C:\Users\A S H F A K\AppData\Local\Programs\MiKTeX\tex/latex/pgf/compatibility
\pgfcomp-version-1-18.sty))
(C:\Users\A S H F A K\AppData\Local\Programs\MiKTeX\tex/latex/pgf/utilities\pgf
for.sty
(C:\Users\A S H F A K\AppData\Local\Programs\MiKTeX\tex/latex/pgf/utilities\pgf
keys.sty
(C:\Users\A S H F A K\AppData\Local\Programs\MiKTeX\tex/generic/pgf/utilities\p
gfkeys.code.tex))
(C:\Users\A S H F A K\AppData\Local\Programs\MiKTeX\tex/latex/pgf/math\pgfmath.
sty
(C:\Users\A S H F A K\AppData\Local\Programs\MiKTeX\tex/generic/pgf/math\pgfmat
h.code.tex))
(C:\Users\A S H F A K\AppData\Local\Programs\MiKTeX\tex/generic/pgf/utilities\p
gffor.code.tex))
(C:\Users\A S H F A K\AppData\Local\Programs\MiKTeX\tex/generic/pgf/frontendlay
er/tikz\tikz.code.tex
(C:\Users\A S H F A K\AppData\Local\Programs\MiKTeX\tex/generic/pgf/libraries\p
gflibraryplothandlers.code.tex)
(C:\Users\A S H F A K\AppData\Local\Programs\MiKTeX\tex/generic/pgf/modules\pgf
modulematrix.code.tex)
(C:\Users\A S H F A K\AppData\Local\Programs\MiKTeX\tex/generic/pgf/frontendlay
er/tikz/libraries\tikzlibrarytopaths.code.tex)))
(C:\Users\A S H F A K\AppData\Local\Programs\MiKTeX\tex/generic/pgf/libraries\p
gflibraryarrows.meta.code.tex)
(C:\Users\A S H F A K\AppData\Local\Programs\MiKTeX\tex/generic/pgf/frontendlay
er/tikz/libraries\tikzlibraryshapes.geometric.code.tex
(C:\Users\A S H F A K\AppData\Local\Programs\MiKTeX\tex/generic/pgf/libraries/s
hapes\pgflibraryshapes.geometric.code.tex))
(C:\Users\A S H F A K\AppData\Local\Programs\MiKTeX\tex/generic/pgf/frontendlay
er/tikz/libraries\tikzlibrarypositioning.code.tex)
(C:\Users\A S H F A K\AppData\Local\Programs\MiKTeX\tex/generic/pgf/frontendlay
er/tikz/libraries\tikzlibraryfit.code.tex)
(C:\Users\A S H F A K\AppData\Local\Programs\MiKTeX\tex/generic/pgf/frontendlay
er/tikz/libraries\tikzlibrarydecorations.pathreplacing.code.tex
(C:\Users\A S H F A K\AppData\Local\Programs\MiKTeX\tex/generic/pgf/frontendlay
er/tikz/libraries\tikzlibrarydecorations.code.tex
(C:\Users\A S H F A K\AppData\Local\Programs\MiKTeX\tex/generic/pgf/modules\pgf
moduledecorations.code.tex))
(C:\Users\A S H F A K\AppData\Local\Programs\MiKTeX\tex/generic/pgf/libraries/d
ecorations\pgflibrarydecorations.pathreplacing.code.tex))
(C:\Users\A S H F A K\AppData\Local\Programs\MiKTeX\tex/generic/pgf/frontendlay
er/tikz/libraries\tikzlibrarymatrix.code.tex)
(C:\Users\A S H F A K\AppData\Local\Programs\MiKTeX\tex/generic/pgf/frontendlay
er/tikz/libraries\tikzlibrarycalc.code.tex)
(C:\Users\A S H F A K\AppData\Local\Programs\MiKTeX\tex/generic/pgf/frontendlay
er/tikz/libraries\tikzlibrarybackgrounds.code.tex)
(C:\Users\A S H F A K\AppData\Local\Programs\MiKTeX\tex/generic/pgf/frontendlay
er/tikz/libraries\tikzlibrarypatterns.code.tex
(C:\Users\A S H F A K\AppData\Local\Programs\MiKTeX\tex/generic/pgf/libraries\p
gflibrarypatterns.code.tex))
(C:\Users\A S H F A K\AppData\Local\Programs\MiKTeX\tex/latex/pgf-blur\tikzlibr
aryshadows.blur.code.tex  v1.02, 2012/12/09
(C:\Users\A S H F A K\AppData\Local\Programs\MiKTeX\tex/generic/pgf/frontendlay
er/tikz/libraries\tikzlibraryshadows.code.tex
(C:\Users\A S H F A K\AppData\Local\Programs\MiKTeX\tex/generic/pgf/frontendlay
er/tikz/libraries\tikzlibraryfadings.code.tex
(C:\Users\A S H F A K\AppData\Local\Programs\MiKTeX\tex/generic/pgf/libraries\p
gflibraryfadings.code.tex))))
(C:\Users\A S H F A K\AppData\Local\Programs\MiKTeX\tex/latex/amsmath\amsmath.s
ty
For additional information on amsmath, use the `?' option.

(C:\Users\A S H F A K\AppData\Local\Programs\MiKTeX\tex/latex/amsmath\amstext.s
ty
(C:\Users\A S H F A K\AppData\Local\Programs\MiKTeX\tex/latex/amsmath\amsgen.st
y))
(C:\Users\A S H F A K\AppData\Local\Programs\MiKTeX\tex/latex/amsmath\amsbsy.st
y)
(C:\Users\A S H F A K\AppData\Local\Programs\MiKTeX\tex/latex/amsmath\amsopn.st
y))
(C:\Users\A S H F A K\AppData\Local\Programs\MiKTeX\tex/latex/booktabs\booktabs
.sty)
(C:\Users\A S H F A K\AppData\Local\Programs\MiKTeX\tex/latex/colortbl\colortbl
.sty
(C:\Users\A S H F A K\AppData\Local\Programs\MiKTeX\tex/latex/tools\array.sty))

(C:\Users\A S H F A K\AppData\Local\Programs\MiKTeX\tex/latex/enumitem\enumitem
.sty)
(C:\Users\A S H F A K\AppData\Local\Programs\MiKTeX\tex/latex/fancyhdr\fancyhdr
.sty)
(C:\Users\A S H F A K\AppData\Local\Programs\MiKTeX\tex/latex/titlesec\titlesec
.sty)
(C:\Users\A S H F A K\AppData\Local\Programs\MiKTeX\tex/latex/mdframed\mdframed
.sty
(C:\Users\A S H F A K\AppData\Local\Programs\MiKTeX\tex/latex/kvoptions\kvoptio
ns.sty
(C:\Users\A S H F A K\AppData\Local\Programs\MiKTeX\tex/generic/ltxcmds\ltxcmds
.sty)
(C:\Users\A S H F A K\AppData\Local\Programs\MiKTeX\tex/latex/kvsetkeys\kvsetke
ys.sty))
(C:\Users\A S H F A K\AppData\Local\Programs\MiKTeX\tex/latex/l3packages/xparse
\xparse.sty
(C:\Users\A S H F A K\AppData\Local\Programs\MiKTeX\tex/latex/l3kernel\expl3.st
y
(C:\Users\A S H F A K\AppData\Local\Programs\MiKTeX\tex/latex/l3backend\l3backe
nd-pdftex.def)))
(C:\Users\A S H F A K\AppData\Local\Programs\MiKTeX\tex/latex/etoolbox\etoolbox
.sty)
(C:\Users\A S H F A K\AppData\Local\Programs\MiKTeX\tex/latex/zref\zref-abspage
.sty
(C:\Users\A S H F A K\AppData\Local\Programs\MiKTeX\tex/latex/zref\zref-base.st
y
(C:\Users\A S H F A K\AppData\Local\Programs\MiKTeX\tex/generic/infwarerr\infwa
rerr.sty)
(C:\Users\A S H F A K\AppData\Local\Programs\MiKTeX\tex/generic/kvdefinekeys\kv
definekeys.sty)
(C:\Users\A S H F A K\AppData\Local\Programs\MiKTeX\tex/generic/pdftexcmds\pdft
excmds.sty)
(C:\Users\A S H F A K\AppData\Local\Programs\MiKTeX\tex/generic/etexcmds\etexcm
ds.sty)
(C:\Users\A S H F A K\AppData\Local\Programs\MiKTeX\tex/latex/auxhook\auxhook.s
ty)))
(C:\Users\A S H F A K\AppData\Local\Programs\MiKTeX\tex/latex/needspace\needspa
ce.sty)
(C:\Users\A S H F A K\AppData\Local\Programs\MiKTeX\tex/latex/mdframed\md-frame
-0.mdf))
(C:\Users\A S H F A K\AppData\Local\Programs\MiKTeX\tex/latex/tools\multicol.st
y)
(C:\Users\A S H F A K\AppData\Local\Programs\MiKTeX\tex/latex/caption\caption.s
ty
(C:\Users\A S H F A K\AppData\Local\Programs\MiKTeX\tex/latex/caption\caption3.
sty)) (parallel_concepts_diagrams.aux)
*geometry* driver: auto-detecting
*geometry* detected driver: pdftex

(C:\Users\A S H F A K\AppData\Local\Programs\MiKTeX\tex/context/base/mkii\supp-
pdf.mkii
[Loading MPS to PDF converter (version 2006.09.02).]
)
(C:\Users\A S H F A K\AppData\Local\Programs\MiKTeX\tex/latex/epstopdf-pkg\epst
opdf-base.sty
(C:\Users\A S H F A K\AppData\Local\Programs\MiKTeX\tex/latex/00miktex\epstopdf
-sys.cfg)) [1{C:/Users/A S H F A K/AppData/Local/MiKTeX/fonts/map/pdftex/pdftex
.map}] [2] [3]

LaTeX Font Warning: Font shape `OMS/cmtt/m/n' undefined
(Font)              using `OMS/cmsy/m/n' instead
(Font)              for symbol `textbraceleft' on input line 452.


Overfull \hbox (14.40309pt too wide) in paragraph at lines 449--463
\OT1/cmr/m/n/12 putes its row range via ceil-ing di-vi-sion: \OT1/cmtt/m/n/12 c
hunk = (N[]USERS + nthreads - 1) / nthreads\OT1/cmr/m/n/12 .
[4] [5] [6]
Overfull \vbox (13.05193pt too high) has occurred while \output is active
[7]
Overfull \hbox (0.34946pt too wide) in paragraph at lines 645--659
\OT1/cmr/m/n/12 asyn-chronous). Data is trans-ferred be-tween CPU RAM and GPU D
RAM via \OT1/cmtt/m/n/12 cudaMemcpy
[8] [9]
Underfull \hbox (badness 10000) in paragraph at lines 796--796
[]|\OT1/cmr/m/n/12 Memory

Underfull \hbox (badness 10000) in paragraph at lines 799--799
[]|\OT1/cmr/m/n/12 Shared (1

Underfull \hbox (badness 10000) in paragraph at lines 806--806
[]|\OT1/cmr/m/n/12 Shared (all

Overfull \hbox (37.65726pt too wide) in paragraph at lines 807--807
[]|\OT1/cmtt/m/n/12 schedule(dynamic,4)

Underfull \hbox (badness 10000) in paragraph at lines 809--810
[]|\OT1/cmtt/m/n/12 #pragma omp

Underfull \hbox (badness 10000) in paragraph at lines 809--810
\OT1/cmtt/m/n/12 parallel for\OT1/cmr/m/n/12 ,

Underfull \hbox (badness 10000) in paragraph at lines 812--812
[]|\OT1/cmr/m/n/12 Shared (all

Underfull \hbox (badness 10000) in paragraph at lines 813--813
[]|\OT1/cmr/m/n/12 Ceiling-division

Overfull \hbox (8.3171pt too wide) in paragraph at lines 815--816
[]|\OT1/cmtt/m/n/12 pthread[]create\OT1/cmr/m/n/12 ,

Underfull \hbox (badness 10000) in paragraph at lines 819--819
[]|\OT1/cmr/m/n/12 Distributed

Underfull \hbox (badness 10000) in paragraph at lines 819--819
\OT1/cmr/m/n/12 (pri-vate per

Overfull \hbox (8.3171pt too wide) in paragraph at lines 822--823
[]|\OT1/cmtt/m/n/12 MPI[]Allgatherv\OT1/cmr/m/n/12 ,

Underfull \hbox (badness 6842) in paragraph at lines 826--826
[]|\OT1/cmr/m/n/12 1 thread per

Underfull \hbox (badness 1248) in paragraph at lines 826--826
\OT1/cmr/m/n/12 (\OML/cmm/m/it/12 u; v\OT1/cmr/m/n/12 )$ or $(\OML/cmm/m/it/12 
u; i\OT1/cmr/m/n/12 )$

Overfull \hbox (30.09042pt too wide) in paragraph at lines 827--827
[]|\OT1/cmtt/m/n/12 cudaDeviceSynchronize| 

Underfull \hbox (badness 10000) in paragraph at lines 828--829
[]|[][]\OT1/cmtt/m/n/12 global[][]

Underfull \hbox (badness 10000) in paragraph at lines 828--829
\OT1/cmr/m/n/12 ker-nels, \OT1/cmtt/m/n/12 dim3

Underfull \hbox (badness 10000) in paragraph at lines 832--832
[]|\OT1/cmr/m/n/12 Distributed

Underfull \hbox (badness 10000) in paragraph at lines 832--832
\OT1/cmr/m/n/12 (MPI) +

Underfull \hbox (badness 10000) in paragraph at lines 832--832
\OT1/cmr/m/n/12 Shared

Underfull \hbox (badness 10000) in paragraph at lines 833--833
[]|\OT1/cmr/m/n/12 MPI rows,

Underfull \hbox (badness 10000) in paragraph at lines 833--833
\OT1/cmr/m/n/12 OMP within

Overfull \hbox (12.76309pt too wide) in paragraph at lines 835--836
[]|\OT1/cmtt/m/n/12 MPI[]Init[]thread\OT1/cmr/m/n/12 ,
[10] (parallel_concepts_diagrams.aux)

LaTeX Font Warning: Some font shapes were not available, defaults substituted.

 )
(see the transcript file for additional information)<C:/Users/A S H F A K/AppDa
ta/Local/Programs/MiKTeX/fonts/type1/public/amsfonts/cm/cmbx10.pfb><C:/Users/A 
S H F A K/AppData/Local/Programs/MiKTeX/fonts/type1/public/amsfonts/cm/cmbx12.p
fb><C:/Users/A S H F A K/AppData/Local/Programs/MiKTeX/fonts/type1/public/amsfo
nts/cm/cmbx6.pfb><C:/Users/A S H F A K/AppData/Local/Programs/MiKTeX/fonts/type
1/public/amsfonts/cm/cmbx8.pfb><C:/Users/A S H F A K/AppData/Local/Programs/MiK
TeX/fonts/type1/public/amsfonts/cmextra/cmex7.pfb><C:/Users/A S H F A K/AppData
/Local/Programs/MiKTeX/fonts/type1/public/amsfonts/cm/cmmi10.pfb><C:/Users/A S 
H F A K/AppData/Local/Programs/MiKTeX/fonts/type1/public/amsfonts/cm/cmmi12.pfb
><C:/Users/A S H F A K/AppData/Local/Programs/MiKTeX/fonts/type1/public/amsfont
s/cm/cmmi6.pfb><C:/Users/A S H F A K/AppData/Local/Programs/MiKTeX/fonts/type1/
public/amsfonts/cm/cmmi8.pfb><C:/Users/A S H F A K/AppData/Local/Programs/MiKTe
X/fonts/type1/public/amsfonts/cm/cmr10.pfb><C:/Users/A S H F A K/AppData/Local/
Programs/MiKTeX/fonts/type1/public/amsfonts/cm/cmr12.pfb><C:/Users/A S H F A K/
AppData/Local/Programs/MiKTeX/fonts/type1/public/amsfonts/cm/cmr5.pfb><C:/Users
/A S H F A K/AppData/Local/Programs/MiKTeX/fonts/type1/public/amsfonts/cm/cmr6.
pfb><C:/Users/A S H F A K/AppData/Local/Programs/MiKTeX/fonts/type1/public/amsf
onts/cm/cmr8.pfb><C:/Users/A S H F A K/AppData/Local/Programs/MiKTeX/fonts/type
1/public/amsfonts/cm/cmsy10.pfb><C:/Users/A S H F A K/AppData/Local/Programs/Mi
KTeX/fonts/type1/public/amsfonts/cm/cmsy6.pfb><C:/Users/A S H F A K/AppData/Loc
al/Programs/MiKTeX/fonts/type1/public/amsfonts/cm/cmsy8.pfb><C:/Users/A S H F A
 K/AppData/Local/Programs/MiKTeX/fonts/type1/public/amsfonts/cm/cmti10.pfb><C:/
Users/A S H F A K/AppData/Local/Programs/MiKTeX/fonts/type1/public/amsfonts/cm/
cmtt12.pfb><C:/Users/A S H F A K/AppData/Local/Programs/MiKTeX/fonts/type1/publ
ic/amsfonts/cm/cmtt8.pfb>
Output written on parallel_concepts_diagrams.pdf (10 pages, 333882 bytes).
Transcript written on parallel_concepts_diagrams.log.
pdflatex: major issue: So far, you have not checked for MiKTeX updates.
