This is pdfTeX, Version 3.141592653-2.6-1.40.28 (MiKTeX 25.12) (preloaded format=pdflatex 2026.1.14)  20 MAY 2026 15:52
entering extended mode
 restricted \write18 enabled.
 file:line:error style messages enabled.
 %&-line parsing enabled.
**"c:/Users/A S H F A K/Desktop/hpc-mine/analysis_report/analysis_report.tex"
(c:/Users/A S H F A K/Desktop/hpc-mine/analysis_report/analysis_report.tex
LaTeX2e <2025-11-01>
L3 programming layer <2025-12-24>
(C:\Users\A S H F A K\AppData\Local\Programs\MiKTeX\tex/latex/base\article.cls
Document Class: article 2025/01/22 v1.4n Standard LaTeX document class
(C:\Users\A S H F A K\AppData\Local\Programs\MiKTeX\tex/latex/base\size12.clo
File: size12.clo 2025/01/22 v1.4n Standard LaTeX file (size option)
)
\c@part=\count275
\c@section=\count276
\c@subsection=\count277
\c@subsubsection=\count278
\c@paragraph=\count279
\c@subparagraph=\count280
\c@figure=\count281
\c@table=\count282
\abovecaptionskip=\skip49
\belowcaptionskip=\skip50
\bibindent=\dimen148
) (C:\Users\A S H F A K\AppData\Local\Programs\MiKTeX\tex/latex/geometry\geometry.sty
Package: geometry 2020/01/02 v5.9 Page Geometry
 (C:\Users\A S H F A K\AppData\Local\Programs\MiKTeX\tex/latex/graphics\keyval.sty
Package: keyval 2022/05/29 v1.15 key=value parser (DPC)
\KV@toks@=\toks17
) (C:\Users\A S H F A K\AppData\Local\Programs\MiKTeX\tex/generic/iftex\ifvtex.sty
Package: ifvtex 2019/10/25 v1.7 ifvtex legacy package. Use iftex instead.
 (C:\Users\A S H F A K\AppData\Local\Programs\MiKTeX\tex/generic/iftex\iftex.sty
Package: iftex 2024/12/12 v1.0g TeX engine tests
))
\Gm@cnth=\count283
\Gm@cntv=\count284
\c@Gm@tempcnt=\count285
\Gm@bindingoffset=\dimen149
\Gm@wd@mp=\dimen150
\Gm@odd@mp=\dimen151
\Gm@even@mp=\dimen152
\Gm@layoutwidth=\dimen153
\Gm@layoutheight=\dimen154
\Gm@layouthoffset=\dimen155
\Gm@layoutvoffset=\dimen156
\Gm@dimlist=\toks18
 (C:\Users\A S H F A K\AppData\Local\Programs\MiKTeX\tex/latex/geometry\geometry.cfg)) (C:\Users\A S H F A K\AppData\Local\Programs\MiKTeX\tex/latex/graphics\graphicx.sty
Package: graphicx 2024/12/31 v1.2e Enhanced LaTeX Graphics (DPC,SPQR)
 (C:\Users\A S H F A K\AppData\Local\Programs\MiKTeX\tex/latex/graphics\graphics.sty
Package: graphics 2024/08/06 v1.4g Standard LaTeX Graphics (DPC,SPQR)
 (C:\Users\A S H F A K\AppData\Local\Programs\MiKTeX\tex/latex/graphics\trig.sty
Package: trig 2023/12/02 v1.11 sin cos tan (DPC)
) (C:\Users\A S H F A K\AppData\Local\Programs\MiKTeX\tex/latex/graphics-cfg\graphics.cfg
File: graphics.cfg 2016/06/04 v1.11 sample graphics configuration
)
Package graphics Info: Driver file: pdftex.def on input line 106.
 (C:\Users\A S H F A K\AppData\Local\Programs\MiKTeX\tex/latex/graphics-def\pdftex.def
File: pdftex.def 2025/09/29 v1.2d Graphics/color driver for pdftex
))
\Gin@req@height=\dimen157
\Gin@req@width=\dimen158
) (C:\Users\A S H F A K\AppData\Local\Programs\MiKTeX\tex/latex/booktabs\booktabs.sty
Package: booktabs 2020/01/12 v1.61803398 Publication quality tables
\heavyrulewidth=\dimen159
\lightrulewidth=\dimen160
\cmidrulewidth=\dimen161
\belowrulesep=\dimen162
\belowbottomsep=\dimen163
\aboverulesep=\dimen164
\abovetopsep=\dimen165
\cmidrulesep=\dimen166
\cmidrulekern=\dimen167
\defaultaddspace=\dimen168
\@cmidla=\count286
\@cmidlb=\count287
\@aboverulesep=\dimen169
\@belowrulesep=\dimen170
\@thisruleclass=\count288
\@lastruleclass=\count289
\@thisrulewidth=\dimen171
) (C:\Users\A S H F A K\AppData\Local\Programs\MiKTeX\tex/latex/tools\array.sty
Package: array 2025/09/25 v2.6n Tabular extension package (FMi)
\col@sep=\dimen172
\ar@mcellbox=\box53
\extrarowheight=\dimen173
\NC@list=\toks19
\extratabsurround=\skip51
\backup@length=\skip52
\ar@cellbox=\box54
) (C:\Users\A S H F A K\AppData\Local\Programs\MiKTeX\tex/latex/amsmath\amsmath.sty
Package: amsmath 2025/07/09 v2.17z AMS math features
\@mathmargin=\skip53

For additional information on amsmath, use the `?' option.
(C:\Users\A S H F A K\AppData\Local\Programs\MiKTeX\tex/latex/amsmath\amstext.sty
Package: amstext 2024/11/17 v2.01 AMS text
 (C:\Users\A S H F A K\AppData\Local\Programs\MiKTeX\tex/latex/amsmath\amsgen.sty
File: amsgen.sty 1999/11/30 v2.0 generic functions
\@emptytoks=\toks20
\ex@=\dimen174
)) (C:\Users\A S H F A K\AppData\Local\Programs\MiKTeX\tex/latex/amsmath\amsbsy.sty
Package: amsbsy 1999/11/29 v1.2d Bold Symbols
\pmbraise@=\dimen175
) (C:\Users\A S H F A K\AppData\Local\Programs\MiKTeX\tex/latex/amsmath\amsopn.sty
Package: amsopn 2022/04/08 v2.04 operator names
)
\inf@bad=\count290
LaTeX Info: Redefining \frac on input line 233.
\uproot@=\count291
\leftroot@=\count292
LaTeX Info: Redefining \overline on input line 398.
LaTeX Info: Redefining \colon on input line 409.
\classnum@=\count293
\DOTSCASE@=\count294
LaTeX Info: Redefining \ldots on input line 495.
LaTeX Info: Redefining \dots on input line 498.
LaTeX Info: Redefining \cdots on input line 619.
\Mathstrutbox@=\box55
\strutbox@=\box56
LaTeX Info: Redefining \big on input line 721.
LaTeX Info: Redefining \Big on input line 722.
LaTeX Info: Redefining \bigg on input line 723.
LaTeX Info: Redefining \Bigg on input line 724.
\big@size=\dimen176
LaTeX Font Info:    Redeclaring font encoding OML on input line 742.
LaTeX Font Info:    Redeclaring font encoding OMS on input line 743.
\macc@depth=\count295
LaTeX Info: Redefining \bmod on input line 904.
LaTeX Info: Redefining \pmod on input line 909.
LaTeX Info: Redefining \smash on input line 939.
LaTeX Info: Redefining \relbar on input line 969.
LaTeX Info: Redefining \Relbar on input line 970.
\c@MaxMatrixCols=\count296
\dotsspace@=\muskip17
\c@parentequation=\count297
\dspbrk@lvl=\count298
\tag@help=\toks21
\row@=\count299
\column@=\count300
\maxfields@=\count301
\andhelp@=\toks22
\eqnshift@=\dimen177
\alignsep@=\dimen178
\tagshift@=\dimen179
\tagwidth@=\dimen180
\totwidth@=\dimen181
\lineht@=\dimen182
\@envbody=\toks23
\multlinegap=\skip54
\multlinetaggap=\skip55
\mathdisplay@stack=\toks24
LaTeX Info: Redefining \[ on input line 2950.
LaTeX Info: Redefining \] on input line 2951.
) (C:\Users\A S H F A K\AppData\Local\Programs\MiKTeX\tex/latex/amsfonts\amssymb.sty
Package: amssymb 2013/01/14 v3.01 AMS font symbols
 (C:\Users\A S H F A K\AppData\Local\Programs\MiKTeX\tex/latex/amsfonts\amsfonts.sty
Package: amsfonts 2013/01/14 v3.01 Basic AMSFonts support
\symAMSa=\mathgroup4
\symAMSb=\mathgroup5
LaTeX Font Info:    Redeclaring math symbol \hbar on input line 98.
LaTeX Font Info:    Overwriting math alphabet `\mathfrak' in version `bold'
(Font)                  U/euf/m/n --> U/euf/b/n on input line 106.
)) (C:\Users\A S H F A K\AppData\Local\Programs\MiKTeX\tex/latex/hyperref\hyperref.sty
Package: hyperref 2025-07-12 v7.01o Hypertext links for LaTeX
 (C:\Users\A S H F A K\AppData\Local\Programs\MiKTeX\tex/latex/kvsetkeys\kvsetkeys.sty
Package: kvsetkeys 2022-10-05 v1.19 Key value parser (HO)
) (C:\Users\A S H F A K\AppData\Local\Programs\MiKTeX\tex/generic/kvdefinekeys\kvdefinekeys.sty
Package: kvdefinekeys 2019-12-19 v1.6 Define keys (HO)
) (C:\Users\A S H F A K\AppData\Local\Programs\MiKTeX\tex/generic/pdfescape\pdfescape.sty
Package: pdfescape 2019/12/09 v1.15 Implements pdfTeX's escape features (HO)
 (C:\Users\A S H F A K\AppData\Local\Programs\MiKTeX\tex/generic/ltxcmds\ltxcmds.sty
Package: ltxcmds 2023-12-04 v1.26 LaTeX kernel commands for general use (HO)
) (C:\Users\A S H F A K\AppData\Local\Programs\MiKTeX\tex/generic/pdftexcmds\pdftexcmds.sty
Package: pdftexcmds 2020-06-27 v0.33 Utility functions of pdfTeX for LuaTeX (HO)
 (C:\Users\A S H F A K\AppData\Local\Programs\MiKTeX\tex/generic/infwarerr\infwarerr.sty
Package: infwarerr 2019/12/03 v1.5 Providing info/warning/error messages (HO)
)
Package pdftexcmds Info: \pdf@primitive is available.
Package pdftexcmds Info: \pdf@ifprimitive is available.
Package pdftexcmds Info: \pdfdraftmode found.
)) (C:\Users\A S H F A K\AppData\Local\Programs\MiKTeX\tex/latex/hycolor\hycolor.sty
Package: hycolor 2020-01-27 v1.10 Color options for hyperref/bookmark (HO)
) (C:\Users\A S H F A K\AppData\Local\Programs\MiKTeX\tex/latex/hyperref\nameref.sty
Package: nameref 2025-06-21 v2.57 Cross-referencing by name of section
 (C:\Users\A S H F A K\AppData\Local\Programs\MiKTeX\tex/latex/refcount\refcount.sty
Package: refcount 2019/12/15 v3.6 Data extraction from label references (HO)
) (C:\Users\A S H F A K\AppData\Local\Programs\MiKTeX\tex/generic/gettitlestring\gettitlestring.sty
Package: gettitlestring 2019/12/15 v1.6 Cleanup title references (HO)
 (C:\Users\A S H F A K\AppData\Local\Programs\MiKTeX\tex/latex/kvoptions\kvoptions.sty
Package: kvoptions 2022-06-15 v3.15 Key value format for package options (HO)
))
\c@section@level=\count302
) (C:\Users\A S H F A K\AppData\Local\Programs\MiKTeX\tex/latex/etoolbox\etoolbox.sty
Package: etoolbox 2025/10/02 v2.5m e-TeX tools for LaTeX (JAW)
\etb@tempcnta=\count303
) (C:\Users\A S H F A K\AppData\Local\Programs\MiKTeX\tex/generic/stringenc\stringenc.sty
Package: stringenc 2019/11/29 v1.12 Convert strings between diff. encodings (HO)
)
\@linkdim=\dimen183
\Hy@linkcounter=\count304
\Hy@pagecounter=\count305
 (C:\Users\A S H F A K\AppData\Local\Programs\MiKTeX\tex/latex/hyperref\pd1enc.def
File: pd1enc.def 2025-07-12 v7.01o Hyperref: PDFDocEncoding definition (HO)
Now handling font encoding PD1 ...
... no UTF-8 mapping file for font encoding PD1
) (C:\Users\A S H F A K\AppData\Local\Programs\MiKTeX\tex/generic/intcalc\intcalc.sty
Package: intcalc 2019/12/15 v1.3 Expandable calculations with integers (HO)
)
\Hy@SavedSpaceFactor=\count306
 (C:\Users\A S H F A K\AppData\Local\Programs\MiKTeX\tex/latex/hyperref\puenc.def
File: puenc.def 2025-07-12 v7.01o Hyperref: PDF Unicode definition (HO)
Now handling font encoding PU ...
... no UTF-8 mapping file for font encoding PU
)
Package hyperref Info: Hyper figures OFF on input line 4195.
Package hyperref Info: Link nesting OFF on input line 4200.
Package hyperref Info: Hyper index ON on input line 4203.
Package hyperref Info: Plain pages OFF on input line 4210.
Package hyperref Info: Backreferencing OFF on input line 4215.
Package hyperref Info: Implicit mode ON; LaTeX internals redefined.
Package hyperref Info: Bookmarks ON on input line 4462.
\c@Hy@tempcnt=\count307
 (C:\Users\A S H F A K\AppData\Local\Programs\MiKTeX\tex/latex/url\url.sty
\Urlmuskip=\muskip18
Package: url 2013/09/16  ver 3.4  Verb mode for urls, etc.
)
LaTeX Info: Redefining \url on input line 4801.
\XeTeXLinkMargin=\dimen184
 (C:\Users\A S H F A K\AppData\Local\Programs\MiKTeX\tex/generic/bitset\bitset.sty
Package: bitset 2019/12/09 v1.3 Handle bit-vector datatype (HO)
 (C:\Users\A S H F A K\AppData\Local\Programs\MiKTeX\tex/generic/bigintcalc\bigintcalc.sty
Package: bigintcalc 2019/12/15 v1.5 Expandable calculations on big integers (HO)
))
\Fld@menulength=\count308
\Field@Width=\dimen185
\Fld@charsize=\dimen186
Package hyperref Info: Hyper figures OFF on input line 6078.
Package hyperref Info: Link nesting OFF on input line 6083.
Package hyperref Info: Hyper index ON on input line 6086.
Package hyperref Info: backreferencing OFF on input line 6093.
Package hyperref Info: Link coloring OFF on input line 6098.
Package hyperref Info: Link coloring with OCG OFF on input line 6103.
Package hyperref Info: PDF/A mode OFF on input line 6108.
\Hy@abspage=\count309
\c@Item=\count310
\c@Hfootnote=\count311
)
Package hyperref Info: Driver (autodetected): hpdftex.
 (C:\Users\A S H F A K\AppData\Local\Programs\MiKTeX\tex/latex/hyperref\hpdftex.def
File: hpdftex.def 2025-07-12 v7.01o Hyperref driver for pdfTeX
\Fld@listcount=\count312
\c@bookmark@seq@number=\count313
 (C:\Users\A S H F A K\AppData\Local\Programs\MiKTeX\tex/latex/rerunfilecheck\rerunfilecheck.sty
Package: rerunfilecheck 2025-06-21 v1.11 Rerun checks for auxiliary files (HO)
 (C:\Users\A S H F A K\AppData\Local\Programs\MiKTeX\tex/generic/uniquecounter\uniquecounter.sty
Package: uniquecounter 2019/12/15 v1.4 Provide unlimited unique counter (HO)
)
Package uniquecounter Info: New unique counter `rerunfilecheck' on input line 284.
)
\Hy@SectionHShift=\skip56
) (C:\Users\A S H F A K\AppData\Local\Programs\MiKTeX\tex/latex/xcolor\xcolor.sty
Package: xcolor 2024/09/29 v3.02 LaTeX color extensions (UK)
 (C:\Users\A S H F A K\AppData\Local\Programs\MiKTeX\tex/latex/graphics-cfg\color.cfg
File: color.cfg 2016/01/02 v1.6 sample color configuration
)
Package xcolor Info: Driver file: pdftex.def on input line 274.
 (C:\Users\A S H F A K\AppData\Local\Programs\MiKTeX\tex/latex/graphics\mathcolor.ltx)
Package xcolor Info: Model `cmy' substituted by `cmy0' on input line 1349.
Package xcolor Info: Model `hsb' substituted by `rgb' on input line 1353.
Package xcolor Info: Model `RGB' extended on input line 1365.
Package xcolor Info: Model `HTML' substituted by `rgb' on input line 1367.
Package xcolor Info: Model `Hsb' substituted by `hsb' on input line 1368.
Package xcolor Info: Model `tHsb' substituted by `hsb' on input line 1369.
Package xcolor Info: Model `HSB' substituted by `hsb' on input line 1370.
Package xcolor Info: Model `Gray' substituted by `gray' on input line 1371.
Package xcolor Info: Model `wave' substituted by `hsb' on input line 1372.
) (C:\Users\A S H F A K\AppData\Local\Programs\MiKTeX\tex/latex/caption\caption.sty
Package: caption 2023/08/05 v3.6o Customizing captions (AR)
 (C:\Users\A S H F A K\AppData\Local\Programs\MiKTeX\tex/latex/caption\caption3.sty
Package: caption3 2023/07/31 v2.4d caption3 kernel (AR)
\caption@tempdima=\dimen187
\captionmargin=\dimen188
\caption@leftmargin=\dimen189
\caption@rightmargin=\dimen190
\caption@width=\dimen191
\caption@indent=\dimen192
\caption@parindent=\dimen193
\caption@hangindent=\dimen194
Package caption Info: Standard document class detected.
)
\c@caption@flags=\count314
\c@continuedfloat=\count315
Package caption Info: hyperref package is loaded.
) (C:\Users\A S H F A K\AppData\Local\Programs\MiKTeX\tex/latex/float\float.sty
Package: float 2001/11/08 v1.3d Float enhancements (AL)
\c@float@type=\count316
\float@exts=\toks25
\float@box=\box57
\@float@everytoks=\toks26
\@floatcapt=\box58
) (C:\Users\A S H F A K\AppData\Local\Programs\MiKTeX\tex/latex/multirow\multirow.sty
Package: multirow 2024/11/12 v2.9 Span multiple rows of a table
\multirow@colwidth=\skip57
\multirow@cntb=\count317
\multirow@dima=\skip58
\bigstrutjot=\dimen195
) (C:\Users\A S H F A K\AppData\Local\Programs\MiKTeX\tex/latex/fancyhdr\fancyhdr.sty
Package: fancyhdr 2025/02/07 v5.2 Extensive control of page headers and footers
\f@nch@headwidth=\skip59
\f@nch@offset@elh=\skip60
\f@nch@offset@erh=\skip61
\f@nch@offset@olh=\skip62
\f@nch@offset@orh=\skip63
\f@nch@offset@elf=\skip64
\f@nch@offset@erf=\skip65
\f@nch@offset@olf=\skip66
\f@nch@offset@orf=\skip67
\f@nch@height=\skip68
\f@nch@footalignment=\skip69
\f@nch@widthL=\skip70
\f@nch@widthC=\skip71
\f@nch@widthR=\skip72
\@temptokenb=\toks27
) (C:\Users\A S H F A K\AppData\Local\Programs\MiKTeX\tex/latex/parskip\parskip.sty
Package: parskip 2021-03-14 v2.0h non-zero parskip adjustments
)
Package hyperref Info: Option `colorlinks' set `true' on input line 34.
 (C:\Users\A S H F A K\AppData\Local\Programs\MiKTeX\tex/latex/l3backend\l3backend-pdftex.def
File: l3backend-pdftex.def 2025-10-09 L3 backend support: PDF output (pdfTeX)
\l__color_backend_stack_int=\count318
) (analysis_report.aux)
\openout1 = `analysis_report.aux'.

LaTeX Font Info:    Checking defaults for OML/cmm/m/it on input line 45.
LaTeX Font Info:    ... okay on input line 45.
LaTeX Font Info:    Checking defaults for OMS/cmsy/m/n on input line 45.
LaTeX Font Info:    ... okay on input line 45.
LaTeX Font Info:    Checking defaults for OT1/cmr/m/n on input line 45.
LaTeX Font Info:    ... okay on input line 45.
LaTeX Font Info:    Checking defaults for T1/cmr/m/n on input line 45.
LaTeX Font Info:    ... okay on input line 45.
LaTeX Font Info:    Checking defaults for TS1/cmr/m/n on input line 45.
LaTeX Font Info:    ... okay on input line 45.
LaTeX Font Info:    Checking defaults for OMX/cmex/m/n on input line 45.
LaTeX Font Info:    ... okay on input line 45.
LaTeX Font Info:    Checking defaults for U/cmr/m/n on input line 45.
LaTeX Font Info:    ... okay on input line 45.
LaTeX Font Info:    Checking defaults for PD1/pdf/m/n on input line 45.
LaTeX Font Info:    ... okay on input line 45.
LaTeX Font Info:    Checking defaults for PU/pdf/m/n on input line 45.
LaTeX Font Info:    ... okay on input line 45.

*geometry* driver: auto-detecting
*geometry* detected driver: pdftex
*geometry* verbose mode - [ preamble ] result:
* driver: pdftex
* paper: a4paper
* layout: <same size as paper>
* layoutoffset:(h,v)=(0.0pt,0.0pt)
* modes: 
* h-part:(L,W,R)=(71.13188pt, 455.24411pt, 71.13188pt)
* v-part:(T,H,B)=(71.13188pt, 702.78308pt, 71.13188pt)
* \paperwidth=597.50787pt
* \paperheight=845.04684pt
* \textwidth=455.24411pt
* \textheight=702.78308pt
* \oddsidemargin=-1.1381pt
* \evensidemargin=-1.1381pt
* \topmargin=-38.1381pt
* \headheight=14.0pt
* \headsep=25.0pt
* \topskip=12.0pt
* \footskip=30.0pt
* \marginparwidth=35.0pt
* \marginparsep=10.0pt
* \columnsep=10.0pt
* \skip\footins=10.8pt plus 4.0pt minus 2.0pt
* \hoffset=0.0pt
* \voffset=0.0pt
* \mag=1000
* \@twocolumnfalse
* \@twosidefalse
* \@mparswitchfalse
* \@reversemarginfalse
* (1in=72.27pt=25.4mm, 1cm=28.453pt)

(C:\Users\A S H F A K\AppData\Local\Programs\MiKTeX\tex/context/base/mkii\supp-pdf.mkii
[Loading MPS to PDF converter (version 2006.09.02).]
\scratchcounter=\count319
\scratchdimen=\dimen196
\scratchbox=\box59
\nofMPsegments=\count320
\nofMParguments=\count321
\everyMPshowfont=\toks28
\MPscratchCnt=\count322
\MPscratchDim=\dimen197
\MPnumerator=\count323
\makeMPintoPDFobject=\count324
\everyMPtoPDFconversion=\toks29
) (C:\Users\A S H F A K\AppData\Local\Programs\MiKTeX\tex/latex/epstopdf-pkg\epstopdf-base.sty
Package: epstopdf-base 2020-01-24 v2.11 Base part for package epstopdf
Package epstopdf-base Info: Redefining graphics rule for `.eps' on input line 485.
 (C:\Users\A S H F A K\AppData\Local\Programs\MiKTeX\tex/latex/00miktex\epstopdf-sys.cfg
File: epstopdf-sys.cfg 2021/03/18 v2.0 Configuration of epstopdf for MiKTeX
))
Package hyperref Info: Link coloring ON on input line 45.
 (analysis_report.out) (analysis_report.out)
\@outlinefile=\write3
\openout3 = `analysis_report.out'.

Package caption Info: Begin \AtBeginDocument code.
Package caption Info: float package is loaded.
Package caption Info: End \AtBeginDocument code.
LaTeX Font Info:    Trying to load font information for U+msa on input line 71.
 (C:\Users\A S H F A K\AppData\Local\Programs\MiKTeX\tex/latex/amsfonts\umsa.fd
File: umsa.fd 2013/01/14 v3.01 AMS symbols A
)
LaTeX Font Info:    Trying to load font information for U+msb on input line 71.
 (C:\Users\A S H F A K\AppData\Local\Programs\MiKTeX\tex/latex/amsfonts\umsb.fd
File: umsb.fd 2013/01/14 v3.01 AMS symbols B
) [1

{C:/Users/A S H F A K/AppData/Local/MiKTeX/fonts/map/pdftex/pdftex.map}] (analysis_report.toc)
\tf@toc=\write4
\openout4 = `analysis_report.toc'.


pdfTeX warning (ext4): destination with the same identifier (name{page.1}) has been already used, duplicate ignored
<to be read again> 
                   \relax 
l.79 \newpage
              [1]
Overfull \hbox (163.62756pt too wide) in paragraph at lines 99--115
 [][] 
 []


Overfull \hbox (0.62624pt too wide) in paragraph at lines 128--128
 []|\OT1/cmr/bx/n/12 Phase| 
 []

[2]
<../analysis_diagrams/charts/concept_overview.png, id=147, 597.6729pt x 845.19765pt>
File: ../analysis_diagrams/charts/concept_overview.png Graphic file (type png)
<use ../analysis_diagrams/charts/concept_overview.png>
Package pdftex.def Info: ../analysis_diagrams/charts/concept_overview.png  used on input line 157.
(pdftex.def)             Requested size: 418.82375pt x 592.29205pt.
 [3]
<../analysis_diagrams/charts/concept_partition.png, id=156, 597.6729pt x 845.19765pt>
File: ../analysis_diagrams/charts/concept_partition.png Graphic file (type png)
<use ../analysis_diagrams/charts/concept_partition.png>
Package pdftex.def Info: ../analysis_diagrams/charts/concept_partition.png  used on input line 165.
(pdftex.def)             Requested size: 355.08984pt x 502.15729pt.
 [4 <../analysis_diagrams/charts/concept_overview.png (PNG copy)>]
Overfull \hbox (66.43591pt too wide) in paragraph at lines 178--184
[]\OT1/cmr/bx/n/12 Phase 3 (key de-sign choice): \OT1/cmr/m/n/12 The outer loop uses \OT1/cmtt/m/n/10.95 #pragma omp parallel for schedule(dynamic,4)\OT1/cmr/m/n/12 .
 []

[5 <../analysis_diagrams/charts/concept_partition.png (PNG copy)>]
<../analysis_diagrams/charts/concept_openmp.png, id=167, 597.6729pt x 845.19765pt>
File: ../analysis_diagrams/charts/concept_openmp.png Graphic file (type png)
<use ../analysis_diagrams/charts/concept_openmp.png>
Package pdftex.def Info: ../analysis_diagrams/charts/concept_openmp.png  used on input line 195.
(pdftex.def)             Requested size: 386.96027pt x 547.23112pt.
 [6] [7 <../analysis_diagrams/charts/concept_openmp.png (PNG copy)>]
<../analysis_diagrams/charts/concept_pthreads.png, id=178, 597.6729pt x 845.19765pt>
File: ../analysis_diagrams/charts/concept_pthreads.png Graphic file (type png)
<use ../analysis_diagrams/charts/concept_pthreads.png>
Package pdftex.def Info: ../analysis_diagrams/charts/concept_pthreads.png  used on input line 225.
(pdftex.def)             Requested size: 386.96027pt x 547.23112pt.
 [8] [9 <../analysis_diagrams/charts/concept_pthreads.png (PNG copy)>]
<../analysis_diagrams/charts/concept_mpi.png, id=191, 597.6729pt x 845.19765pt>
File: ../analysis_diagrams/charts/concept_mpi.png Graphic file (type png)
<use ../analysis_diagrams/charts/concept_mpi.png>
Package pdftex.def Info: ../analysis_diagrams/charts/concept_mpi.png  used on input line 260.
(pdftex.def)             Requested size: 386.96027pt x 547.23112pt.
 [10] [11 <../analysis_diagrams/charts/concept_mpi.png (PNG copy)>]
<../analysis_diagrams/charts/concept_cuda.png, id=203, 597.6729pt x 845.19765pt>
File: ../analysis_diagrams/charts/concept_cuda.png Graphic file (type png)
<use ../analysis_diagrams/charts/concept_cuda.png>
Package pdftex.def Info: ../analysis_diagrams/charts/concept_cuda.png  used on input line 293.
(pdftex.def)             Requested size: 386.96027pt x 547.23112pt.
 [12] [13 <../analysis_diagrams/charts/concept_cuda.png (PNG copy)>]
<../analysis_diagrams/charts/concept_hybrid.png, id=216, 597.6729pt x 845.19765pt>
File: ../analysis_diagrams/charts/concept_hybrid.png Graphic file (type png)
<use ../analysis_diagrams/charts/concept_hybrid.png>
Package pdftex.def Info: ../analysis_diagrams/charts/concept_hybrid.png  used on input line 311.
(pdftex.def)             Requested size: 386.96027pt x 547.23112pt.
 [14 <../analysis_diagrams/charts/concept_hybrid.png (PNG copy)>]
Overfull \hbox (8.99829pt too wide) in paragraph at lines 356--356
 []|\OT1/cmr/bx/n/12 Workers| 
 []

[15]
<../analysis_diagrams/charts/mae_comparison.png, id=227, 568.524pt x 315.579pt>
File: ../analysis_diagrams/charts/mae_comparison.png Graphic file (type png)
<use ../analysis_diagrams/charts/mae_comparison.png>
Package pdftex.def Info: ../analysis_diagrams/charts/mae_comparison.png  used on input line 392.
(pdftex.def)             Requested size: 364.19667pt x 202.16728pt.
 [16]
Overfull \hbox (43.54718pt too wide) in paragraph at lines 433--444
 [][] 
 []


Overfull \hbox (43.54718pt too wide) in paragraph at lines 451--462
 [][] 
 []

[17 <../analysis_diagrams/charts/mae_comparison.png>]
Overfull \hbox (43.54718pt too wide) in paragraph at lines 469--481
 [][] 
 []


Overfull \hbox (90.30945pt too wide) in paragraph at lines 488--500
 [][] 
 []

<../analysis_diagrams/charts/speedup_comparison.png, id=242, 532.7905pt x 351.714pt>
File: ../analysis_diagrams/charts/speedup_comparison.png Graphic file (type png)
<use ../analysis_diagrams/charts/speedup_comparison.png>
Package pdftex.def Info: ../analysis_diagrams/charts/speedup_comparison.png  used on input line 507.
(pdftex.def)             Requested size: 455.24411pt x 300.52539pt.
[18]
<../analysis_diagrams/charts/execution_time_bar.png, id=251, 640.794pt x 380.622pt>
File: ../analysis_diagrams/charts/execution_time_bar.png Graphic file (type png)
<use ../analysis_diagrams/charts/execution_time_bar.png>
Package pdftex.def Info: ../analysis_diagrams/charts/execution_time_bar.png  used on input line 513.
(pdftex.def)             Requested size: 455.24411pt x 270.41191pt.
<../analysis_diagrams/charts/efficiency_plot.png, id=252, 531.1845pt x 351.714pt>
File: ../analysis_diagrams/charts/efficiency_plot.png Graphic file (type png)
<use ../analysis_diagrams/charts/efficiency_plot.png>
Package pdftex.def Info: ../analysis_diagrams/charts/efficiency_plot.png  used on input line 519.
(pdftex.def)             Requested size: 455.24411pt x 301.4431pt.
 [19 <../analysis_diagrams/charts/speedup_comparison.png> <../analysis_diagrams/charts/execution_time_bar.png>]
<../analysis_diagrams/charts/sim_pred_breakdown.png, id=262, 1002.144pt x 382.228pt>
File: ../analysis_diagrams/charts/sim_pred_breakdown.png Graphic file (type png)
<use ../analysis_diagrams/charts/sim_pred_breakdown.png>
Package pdftex.def Info: ../analysis_diagrams/charts/sim_pred_breakdown.png  used on input line 525.
(pdftex.def)             Requested size: 455.24411pt x 173.63405pt.
<../analysis_diagrams/charts/hybrid_configs.png, id=263, 713.064pt x 321.2pt>
File: ../analysis_diagrams/charts/hybrid_configs.png Graphic file (type png)
<use ../analysis_diagrams/charts/hybrid_configs.png>
Package pdftex.def Info: ../analysis_diagrams/charts/hybrid_configs.png  used on input line 531.
(pdftex.def)             Requested size: 455.24411pt x 205.07228pt.
 [20 <../analysis_diagrams/charts/efficiency_plot.png> <../analysis_diagrams/charts/sim_pred_breakdown.png>]
<../analysis_diagrams/charts/amdahls_law.png, id=272, 532.389pt x 351.3125pt>
File: ../analysis_diagrams/charts/amdahls_law.png Graphic file (type png)
<use ../analysis_diagrams/charts/amdahls_law.png>
Package pdftex.def Info: ../analysis_diagrams/charts/amdahls_law.png  used on input line 537.
(pdftex.def)             Requested size: 455.24411pt x 300.41283pt.
<../analysis_diagrams/charts/summary_dashboard.png, id=273, 827.09pt x 607.871pt>
File: ../analysis_diagrams/charts/summary_dashboard.png Graphic file (type png)
<use ../analysis_diagrams/charts/summary_dashboard.png>
Package pdftex.def Info: ../analysis_diagrams/charts/summary_dashboard.png  used on input line 543.
(pdftex.def)             Requested size: 455.24411pt x 334.58978pt.
 [21 <../analysis_diagrams/charts/hybrid_configs.png> <../analysis_diagrams/charts/amdahls_law.png>]
Overfull \hbox (3.09444pt too wide) in paragraph at lines 555--570
 [][] 
 []

[22 <../analysis_diagrams/charts/summary_dashboard.png>]
Overfull \hbox (10.8165pt too wide) in paragraph at lines 581--583
[]\OT1/cmr/bx/n/12 Runtime op-ti-mi-sa-tions: \OT1/cmr/m/n/12 GCC's OpenMP run-time ap-plies platform-specific schedul-
 []


Overfull \hbox (5.32082pt too wide) in paragraph at lines 611--622
 [][] 
 []

[23] [24] (analysis_report.aux)
 ***********
LaTeX2e <2025-11-01>
L3 programming layer <2025-12-24>
 ***********
Package rerunfilecheck Info: File `analysis_report.out' has not changed.
(rerunfilecheck)             Checksum: 96F933AC7EE85C0EDEE408D818DAD18E;5181.
 ) 
Here is how much of TeX's memory you used:
 12810 strings out of 467871
 207390 string characters out of 5415436
 640589 words of memory out of 5000000
 41442 multiletter control sequences out of 15000+600000
 636890 words of font info for 75 fonts, out of 8000000 for 9000
 1141 hyphenation exceptions out of 8191
 75i,13n,79p,564b,537s stack positions out of 10000i,1000n,20000p,200000b,200000s
<C:/Users/A S H F A K/AppData/Local/Programs/MiKTeX/fonts/type1/public/amsfonts/cm/cmbx12.pfb><C:/Users/A S H F A K/AppData/Local/Programs/MiKTeX/fonts/type1/public/amsfonts/cm/cmex10.pfb><C:/Users/A S H F A K/AppData/Local/Programs/MiKTeX/fonts/type1/public/amsfonts/cm/cmitt10.pfb><C:/Users/A S H F A K/AppData/Local/Programs/MiKTeX/fonts/type1/public/amsfonts/cm/cmmi10.pfb><C:/Users/A S H F A K/AppData/Local/Programs/MiKTeX/fonts/type1/public/amsfonts/cm/cmmi12.pfb><C:/Users/A S H F A K/AppData/Local/Programs/MiKTeX/fonts/type1/public/amsfonts/cm/cmmi6.pfb><C:/Users/A S H F A K/AppData/Local/Programs/MiKTeX/fonts/type1/public/amsfonts/cm/cmmi8.pfb><C:/Users/A S H F A K/AppData/Local/Programs/MiKTeX/fonts/type1/public/amsfonts/cm/cmr10.pfb><C:/Users/A S H F A K/AppData/Local/Programs/MiKTeX/fonts/type1/public/amsfonts/cm/cmr12.pfb><C:/Users/A S H F A K/AppData/Local/Programs/MiKTeX/fonts/type1/public/amsfonts/cm/cmr8.pfb><C:/Users/A S H F A K/AppData/Local/Programs/MiKTeX/fonts/type1/public/amsfonts/cm/cmsy10.pfb><C:/Users/A S H F A K/AppData/Local/Programs/MiKTeX/fonts/type1/public/amsfonts/cm/cmsy8.pfb><C:/Users/A S H F A K/AppData/Local/Programs/MiKTeX/fonts/type1/public/amsfonts/cm/cmti12.pfb><C:/Users/A S H F A K/AppData/Local/Programs/MiKTeX/fonts/type1/public/amsfonts/cm/cmtt10.pfb><C:/Users/A S H F A K/AppData/Local/Programs/MiKTeX/fonts/type1/public/amsfonts/symbols/msam10.pfb>
Output written on analysis_report.pdf (25 pages, 3227534 bytes).
PDF statistics:
 399 PDF objects out of 1000 (max. 8388607)
 97 named destinations out of 1000 (max. 500000)
 268 words of extra memory for PDF output out of 10000 (max. 10000000)

